{
  "RSpec": {
    "coverage": {
      "/Users/chris/CodeProjects/Makers/wk-9/gilded_rose_design_project/spec/aged_brie_spec.rb": [
        1,
        null,
        1,
        null,
        1,
        1,
        1,
        1,
        1,
        1,
        null,
        null,
        null,
        null,
        1,
        1,
        1,
        1,
        1,
        1,
        null,
        null,
        1,
        1,
        1,
        1,
        null,
        null,
        null,
        1,
        1,
        1,
        1,
        1,
        null,
        null,
        1,
        1,
        1,
        1,
        null,
        null,
        null,
        null,
        null
      ],
      "/Users/chris/CodeProjects/Makers/wk-9/gilded_rose_design_project/lib/aged_brie.rb": [
        1,
        1,
        1,
        null,
        null,
        1,
        null,
        1,
        4,
        1,
        3,
        2,
        null,
        null,
        null,
        1,
        null,
        1,
        2,
        null,
        null,
        null
      ],
      "/Users/chris/CodeProjects/Makers/wk-9/gilded_rose_design_project/lib/generic.rb": [
        1,
        1,
        1,
        1,
        null,
        1,
        1,
        1,
        null,
        1,
        null,
        null,
        1,
        4,
        1,
        3,
        1,
        null,
        2,
        null,
        null,
        null,
        1,
        4,
        null,
        null,
        null
      ],
      "/Users/chris/CodeProjects/Makers/wk-9/gilded_rose_design_project/lib/item.rb": [
        null,
        null,
        1,
        1,
        null,
        1,
        26,
        26,
        26,
        null,
        null,
        1,
        0,
        null,
        null
      ],
      "/Users/chris/CodeProjects/Makers/wk-9/gilded_rose_design_project/lib/decrease_in_value.rb": [
        1,
        null,
        1,
        2,
        null,
        null,
        1,
        2,
        null,
        null,
        1,
        4,
        null,
        null,
        1,
        4,
        null,
        null,
        null
      ],
      "/Users/chris/CodeProjects/Makers/wk-9/gilded_rose_design_project/lib/decrease_sell_in_value.rb": [
        1,
        null,
        1,
        4,
        null,
        null,
        null
      ],
      "/Users/chris/CodeProjects/Makers/wk-9/gilded_rose_design_project/lib/sell_in_periods.rb": [
        1,
        null,
        1,
        7,
        null,
        null,
        1,
        16,
        null,
        null,
        1,
        5,
        null,
        null,
        1,
        4,
        null,
        null,
        1,
        2,
        null,
        null,
        null
      ],
      "/Users/chris/CodeProjects/Makers/wk-9/gilded_rose_design_project/lib/increase_in_value.rb": [
        1,
        null,
        1,
        4,
        null,
        null,
        1,
        3,
        null,
        null,
        1,
        1,
        null,
        null,
        1,
        13,
        null,
        null,
        null
      ],
      "/Users/chris/CodeProjects/Makers/wk-9/gilded_rose_design_project/spec/backstage_pass_spec.rb": [
        1,
        null,
        1,
        null,
        1,
        1,
        1,
        1,
        1,
        1,
        null,
        null,
        null,
        null,
        1,
        1,
        1,
        1,
        1,
        1,
        null,
        null,
        1,
        1,
        1,
        1,
        null,
        null,
        null,
        1,
        1,
        1,
        1,
        1,
        null,
        null,
        1,
        1,
        1,
        1,
        null,
        null,
        null,
        1,
        1,
        1,
        1,
        1,
        null,
        null,
        1,
        1,
        1,
        1,
        null,
        null,
        null,
        1,
        1,
        1,
        1,
        1,
        null,
        null,
        1,
        1,
        1,
        1,
        null,
        null,
        null,
        null,
        null
      ],
      "/Users/chris/CodeProjects/Makers/wk-9/gilded_rose_design_project/lib/backstage_pass.rb": [
        1,
        1,
        1,
        null,
        1,
        null,
        null,
        1,
        8,
        5,
        3,
        2,
        null,
        null,
        null,
        1,
        null,
        1,
        5,
        1,
        4,
        2,
        2,
        2,
        null,
        null,
        null,
        1,
        2,
        null,
        null,
        1,
        2,
        null,
        null,
        null
      ],
      "/Users/chris/CodeProjects/Makers/wk-9/gilded_rose_design_project/spec/conjuras_spec.rb": [
        1,
        null,
        1,
        null,
        1,
        1,
        1,
        1,
        1,
        null,
        null,
        null,
        1,
        1,
        1,
        1,
        1,
        null,
        null,
        1,
        1,
        1,
        1,
        null,
        null,
        1,
        1,
        1,
        1,
        null,
        null,
        null,
        null
      ],
      "/Users/chris/CodeProjects/Makers/wk-9/gilded_rose_design_project/lib/conjuras.rb": [
        1,
        null,
        1,
        null,
        1,
        3,
        3,
        null,
        null,
        1,
        null,
        1,
        3,
        null,
        null,
        1,
        3,
        null,
        null,
        null
      ],
      "/Users/chris/CodeProjects/Makers/wk-9/gilded_rose_design_project/spec/generic_spec.rb": [
        1,
        null,
        1,
        null,
        1,
        1,
        1,
        1,
        1,
        null,
        null,
        null,
        1,
        1,
        1,
        1,
        1,
        1,
        null,
        null,
        1,
        1,
        1,
        1,
        null,
        null,
        null,
        1,
        1,
        1,
        1,
        1,
        null,
        null,
        1,
        1,
        1,
        1,
        null,
        null,
        null,
        null,
        null
      ],
      "/Users/chris/CodeProjects/Makers/wk-9/gilded_rose_design_project/spec/gilded_rose_spec.rb": [
        1,
        1,
        null,
        1,
        null,
        1,
        1,
        1,
        1,
        1,
        1,
        1,
        null,
        null,
        1,
        1,
        1,
        1,
        1,
        1,
        null,
        null,
        null,
        1,
        1,
        1,
        1,
        1,
        null,
        null,
        1,
        1,
        1,
        1,
        null,
        null,
        null,
        1,
        null,
        1,
        1,
        1,
        1,
        null,
        null,
        1,
        1,
        1,
        1,
        1,
        null,
        null,
        null,
        null
      ],
      "/Users/chris/CodeProjects/Makers/wk-9/gilded_rose_design_project/lib/gilded_rose.rb": [
        1,
        null,
        1,
        6,
        null,
        null,
        1,
        2,
        2,
        null,
        null,
        1,
        3,
        2,
        null,
        null,
        null,
        1,
        3,
        2,
        null,
        null,
        null
      ],
      "/Users/chris/CodeProjects/Makers/wk-9/gilded_rose_design_project/spec/sulfuras_spec.rb": [
        1,
        null,
        1,
        null,
        1,
        1,
        1,
        1,
        1,
        1,
        null,
        null,
        1,
        1,
        1,
        1,
        null,
        null,
        null,
        1,
        1,
        1,
        1,
        1,
        null,
        null,
        null,
        null,
        null,
        null
      ],
      "/Users/chris/CodeProjects/Makers/wk-9/gilded_rose_design_project/lib/sulfuras.rb": [
        1,
        null,
        1,
        null,
        1,
        null,
        null,
        1,
        null,
        null,
        null
      ]
    },
    "timestamp": 1547397268
  }
}
